<?xml version="1.0" encoding="windows-1252" standalone="no"?>
<!DOCTYPE log SYSTEM "logger.dtd">
<log>
<record>
  <date>2016-06-13T21:41:22</date>
  <millis>1465872082924</millis>
  <sequence>0</sequence>
  <logger>global</logger>
  <level>WARNING</level>
  <class>lesson10.lecture.trickycatch1.MyClass</class>
  <method>handleFile</method>
  <thread>1</thread>
  <message>1st IOException: textt (The system cannot find the file specified)</message>
</record>
<record>
  <date>2016-06-13T21:41:23</date>
  <millis>1465872083085</millis>
  <sequence>1</sequence>
  <logger>global</logger>
  <level>WARNING</level>
  <class>lesson10.lecture.trickycatch1.MyClass</class>
  <method>handleFile</method>
  <thread>1</thread>
  <message>Caught 2nd IOException: error closing readers</message>
</record>
</log>
